# JRE version: Java(TM) SE Runtime Environment (8.0_65-b17) (build 1.8.0_65-b17)
# Java VM: Java HotSpot(TM) 64-Bit Server VM (25.65-b01 mixed mode windows-amd64 compressed oops)
Heap:
 PSYoungGen      total 116224K, used 10705K [0x00000000eab00000, 0x00000000fa100000, 0x0000000100000000)
  eden space 94208K, 11% used [0x00000000eab00000,0x00000000eb574448,0x00000000f0700000)
  from space 22016K, 0% used [0x00000000f0700000,0x00000000f0700000,0x00000000f1c80000)
  to   space 31744K, 0% used [0x00000000f8200000,0x00000000f8200000,0x00000000fa100000)
 ParOldGen       total 64512K, used 36530K [0x00000000c0000000, 0x00000000c3f00000, 0x00000000eab00000)
  object space 64512K, 56% used [0x00000000c0000000,0x00000000c23aca18,0x00000000c3f00000)
 Metaspace       used 5974K, capacity 7088K, committed 7296K, reserved 1056768K
  class space    used 588K, capacity 616K, committed 640K, reserved 1048576K
GC Heap History (10 events):
Event: 3.307 GC heap before
{Heap before GC invocations=4 (full 0):
 PSYoungGen      total 28160K, used 28147K [0x00000000eab00000, 0x00000000ee200000, 0x0000000100000000)
  eden space 24576K, 100% used [0x00000000eab00000,0x00000000ec300000,0x00000000ec300000)
  from space 3584K, 99% used [0x00000000ec300000,0x00000000ec67cf08,0x00000000ec680000)
  to   space 3584K, 0% used [0x00000000ede80000,0x00000000ede80000,0x00000000ee200000)
 ParOldGen       total 64512K, used 19153K [0x00000000c0000000, 0x00000000c3f00000, 0x00000000eab00000)
  object space 64512K, 29% used [0x00000000c0000000,0x00000000c12b46b8,0x00000000c3f00000)
 Metaspace       used 5893K, capacity 7024K, committed 7296K, reserved 1056768K
  class space    used 588K, capacity 616K, committed 640K, reserved 1048576K
Event: 3.633 GC heap after
Heap after GC invocations=4 (full 0):
 PSYoungGen      total 52736K, used 3570K [0x00000000eab00000, 0x00000000ee200000, 0x0000000100000000)
  eden space 49152K, 0% used [0x00000000eab00000,0x00000000eab00000,0x00000000edb00000)
  from space 3584K, 99% used [0x00000000ede80000,0x00000000ee1fcbe8,0x00000000ee200000)
  to   space 3584K, 0% used [0x00000000edb00000,0x00000000edb00000,0x00000000ede80000)
 ParOldGen       total 64512K, used 23734K [0x00000000c0000000, 0x00000000c3f00000, 0x00000000eab00000)
  object space 64512K, 36% used [0x00000000c0000000,0x00000000c172db88,0x00000000c3f00000)
 Metaspace       used 5893K, capacity 7024K, committed 7296K, reserved 1056768K
  class space    used 588K, capacity 616K, committed 640K, reserved 1048576K
}
Event: 4.273 GC heap before
{Heap before GC invocations=5 (full 0):
 PSYoungGen      total 52736K, used 52722K [0x00000000eab00000, 0x00000000ee200000, 0x0000000100000000)
  eden space 49152K, 100% used [0x00000000eab00000,0x00000000edb00000,0x00000000edb00000)
  from space 3584K, 99% used [0x00000000ede80000,0x00000000ee1fcbe8,0x00000000ee200000)
  to   space 3584K, 0% used [0x00000000edb00000,0x00000000edb00000,0x00000000ede80000)
 ParOldGen       total 64512K, used 23734K [0x00000000c0000000, 0x00000000c3f00000, 0x00000000eab00000)
  object space 64512K, 36% used [0x00000000c0000000,0x00000000c172db88,0x00000000c3f00000)
 Metaspace       used 5902K, capacity 7024K, committed 7296K, reserved 1056768K
  class space    used 588K, capacity 616K, committed 640K, reserved 1048576K
Event: 5.114 GC heap after
Heap after GC invocations=5 (full 0):
 PSYoungGen      total 52736K, used 3570K [0x00000000eab00000, 0x00000000f2e00000, 0x0000000100000000)
  eden space 49152K, 0% used [0x00000000eab00000,0x00000000eab00000,0x00000000edb00000)
  from space 3584K, 99% used [0x00000000edb00000,0x00000000ede7cbc8,0x00000000ede80000)
  to   space 17920K, 0% used [0x00000000f1c80000,0x00000000f1c80000,0x00000000f2e00000)
 ParOldGen       total 64512K, used 36852K [0x00000000c0000000, 0x00000000c3f00000, 0x00000000eab00000)
  object space 64512K, 57% used [0x00000000c0000000,0x00000000c23fd2f8,0x00000000c3f00000)
 Metaspace       used 5902K, capacity 7024K, committed 7296K, reserved 1056768K
  class space    used 588K, capacity 616K, committed 640K, reserved 1048576K
}
Event: 6.529 GC heap before
{Heap before GC invocations=6 (full 0):
 PSYoungGen      total 52736K, used 52722K [0x00000000eab00000, 0x00000000f2e00000, 0x0000000100000000)
  eden space 49152K, 100% used [0x00000000eab00000,0x00000000edb00000,0x00000000edb00000)
  from space 3584K, 99% used [0x00000000edb00000,0x00000000ede7cbc8,0x00000000ede80000)
  to   space 17920K, 0% used [0x00000000f1c80000,0x00000000f1c80000,0x00000000f2e00000)
 ParOldGen       total 64512K, used 36852K [0x00000000c0000000, 0x00000000c3f00000, 0x00000000eab00000)
  object space 64512K, 57% used [0x00000000c0000000,0x00000000c23fd2f8,0x00000000c3f00000)
 Metaspace       used 5923K, capacity 7024K, committed 7296K, reserved 1056768K
  class space    used 588K, capacity 616K, committed 640K, reserved 1048576K
Event: 7.382 GC heap after
Heap after GC invocations=6 (full 0):
 PSYoungGen      total 112128K, used 17915K [0x00000000eab00000, 0x00000000f3600000, 0x0000000100000000)
  eden space 94208K, 0% used [0x00000000eab00000,0x00000000eab00000,0x00000000f0700000)
  from space 17920K, 99% used [0x00000000f1c80000,0x00000000f2dfec18,0x00000000f2e00000)
  to   space 22016K, 0% used [0x00000000f0700000,0x00000000f0700000,0x00000000f1c80000)
 ParOldGen       total 64512K, used 39448K [0x00000000c0000000, 0x00000000c3f00000, 0x00000000eab00000)
  object space 64512K, 61% used [0x00000000c0000000,0x00000000c26862f0,0x00000000c3f00000)
 Metaspace       used 5923K, capacity 7024K, committed 7296K, reserved 1056768K
  class space    used 588K, capacity 616K, committed 640K, reserved 1048576K
}
Event: 9.440 GC heap before
{Heap before GC invocations=7 (full 0):
 PSYoungGen      total 112128K, used 112123K [0x00000000eab00000, 0x00000000f3600000, 0x0000000100000000)
  eden space 94208K, 100% used [0x00000000eab00000,0x00000000f0700000,0x00000000f0700000)
  from space 17920K, 99% used [0x00000000f1c80000,0x00000000f2dfec18,0x00000000f2e00000)
  to   space 22016K, 0% used [0x00000000f0700000,0x00000000f0700000,0x00000000f1c80000)
 ParOldGen       total 64512K, used 39448K [0x00000000c0000000, 0x00000000c3f00000, 0x00000000eab00000)
  object space 64512K, 61% used [0x00000000c0000000,0x00000000c26862f0,0x00000000c3f00000)
 Metaspace       used 5969K, capacity 7088K, committed 7296K, reserved 1056768K
  class space    used 588K, capacity 616K, committed 640K, reserved 1048576K
Event: 9.605 GC heap after
Heap after GC invocations=7 (full 0):
 PSYoungGen      total 116224K, used 21985K [0x00000000eab00000, 0x00000000fa100000, 0x0000000100000000)
  eden space 94208K, 0% used [0x00000000eab00000,0x00000000eab00000,0x00000000f0700000)
  from space 22016K, 99% used [0x00000000f0700000,0x00000000f1c78750,0x00000000f1c80000)
  to   space 31744K, 0% used [0x00000000f8200000,0x00000000f8200000,0x00000000fa100000)
 ParOldGen       total 64512K, used 52040K [0x00000000c0000000, 0x00000000c3f00000, 0x00000000eab00000)
  object space 64512K, 80% used [0x00000000c0000000,0x00000000c32d22b0,0x00000000c3f00000)
 Metaspace       used 5969K, capacity 7088K, committed 7296K, reserved 1056768K
  class space    used 588K, capacity 616K, committed 640K, reserved 1048576K
}
Event: 9.605 GC heap before
{Heap before GC invocations=8 (full 1):
 PSYoungGen      total 116224K, used 21985K [0x00000000eab00000, 0x00000000fa100000, 0x0000000100000000)
  eden space 94208K, 0% used [0x00000000eab00000,0x00000000eab00000,0x00000000f0700000)
  from space 22016K, 99% used [0x00000000f0700000,0x00000000f1c78750,0x00000000f1c80000)
  to   space 31744K, 0% used [0x00000000f8200000,0x00000000f8200000,0x00000000fa100000)
 ParOldGen       total 64512K, used 52040K [0x00000000c0000000, 0x00000000c3f00000, 0x00000000eab00000)
  object space 64512K, 80% used [0x00000000c0000000,0x00000000c32d22b0,0x00000000c3f00000)
 Metaspace       used 5969K, capacity 7088K, committed 7296K, reserved 1056768K
  class space    used 588K, capacity 616K, committed 640K, reserved 1048576K
Event: 10.223 GC heap after
Heap after GC invocations=8 (full 1):
 PSYoungGen      total 116224K, used 0K [0x00000000eab00000, 0x00000000fa100000, 0x0000000100000000)
  eden space 94208K, 0% used [0x00000000eab00000,0x00000000eab00000,0x00000000f0700000)
  from space 22016K, 0% used [0x00000000f0700000,0x00000000f0700000,0x00000000f1c80000)
  to   space 31744K, 0% used [0x00000000f8200000,0x00000000f8200000,0x00000000fa100000)
 ParOldGen       total 64512K, used 36530K [0x00000000c0000000, 0x00000000c3f00000, 0x00000000eab00000)
  object space 64512K, 56% used [0x00000000c0000000,0x00000000c23aca18,0x00000000c3f00000)
 Metaspace       used 5969K, capacity 7088K, committed 7296K, reserved 1056768K
  class space    used 588K, capacity 616K, committed 640K, reserved 1048576K
}

